<?xml version="1.0" encoding="utf-8"?><testsuites><testsuite name="pytest" errors="1" failures="0" skipped="0" tests="1" time="0.479" timestamp="2025-12-03T16:40:31.650860+01:00" hostname="OLI-OMEN"><testcase classname="" name="tests.test_pypowerpoint" time="0.000"><error message="collection failure">ImportError while importing test module '/media/olivier/ssd1T/dev/kairntech/pyconverters_pypowerpoint/tests/test_pypowerpoint.py'.
Hint: make sure your test modules/packages have valid Python names.
Traceback:
../../../.pyenv/versions/3.8.2/lib/python3.8/importlib/__init__.py:127: in import_module
    return _bootstrap._gcd_import(name[level:], package, level)
tests/test_pypowerpoint.py:3: in &lt;module&gt;
    from pyconverters_pypowerpoint.pypowerpoint import PyPowerPointConverter, PyPowerPointParameters
.tox/report/lib/python3.8/site-packages/pyconverters_pypowerpoint/pypowerpoint.py:10: in &lt;module&gt;
    from pyconverters_pypowerpoint.pptx2md.outputter import MarkdownFormatter
.tox/report/lib/python3.8/site-packages/pyconverters_pypowerpoint/pptx2md/outputter.py:19: in &lt;module&gt;
    from filetype import filetype
E   ModuleNotFoundError: No module named 'filetype'</error></testcase></testsuite></testsuites>