<?xml version="1.0" encoding="utf-8"?><testsuites><testsuite name="pytest" errors="0" failures="0" skipped="2" tests="25" time="1.562" timestamp="2025-12-08T11:32:46.925629+01:00" hostname="OLI-OMEN"><testcase classname="bumpversion" name="FLAKE8" time="0.001"><skipped type="pytest.skip" message="file(s) previously passed FLAKE8 checks">/media/olivier/ssd1T/dev/kairntech/pyprocessors_afp_entities/.tox/report/lib/python3.8/site-packages/pytest_flake8.py:124: file(s) previously passed FLAKE8 checks</skipped></testcase><testcase classname="src.pyprocessors_afp_entities.__init__" name="FLAKE8" time="0.082" /><testcase classname="src.pyprocessors_afp_entities.afp_entities" name="FLAKE8" time="0.195" /><testcase classname="tests.__init__" name="FLAKE8" time="0.001"><skipped type="pytest.skip" message="file(s) previously passed FLAKE8 checks">/media/olivier/ssd1T/dev/kairntech/pyprocessors_afp_entities/.tox/report/lib/python3.8/site-packages/pytest_flake8.py:124: file(s) previously passed FLAKE8 checks</skipped></testcase><testcase classname="tests.test_afp_entities" name="FLAKE8" time="0.205" /><testcase classname="tests.test_afp_entities" name="test_model" time="0.001" /><testcase classname="tests.test_afp_entities" name="test_afp_entities_fr" time="0.043" /><testcase classname="tests.test_afp_entities" name="test_afp_entities_whitelist" time="0.037" /><testcase classname="tests.test_afp_entities" name="test_afp_entities_suspicious" time="0.004" /><testcase classname="tests.test_afp_entities" name="test_afp_entities_en" time="0.023" /><testcase classname="tests.test_afp_entities" name="test_SHERPA_1735" time="0.014" /><testcase classname="tests.test_afp_entities" name="test_SHERPA_1741" time="0.026" /><testcase classname="tests.test_afp_entities" name="test_SHERPA_1742" time="0.006" /><testcase classname="tests.test_afp_entities" name="test_SHERPA_1761" time="0.010" /><testcase classname="tests.test_afp_entities" name="test_SHERPA_1765" time="0.024" /><testcase classname="tests.test_afp_entities" name="test_SHERPA_1766" time="0.008" /><testcase classname="tests.test_afp_entities" name="test_SHERPA_1773" time="0.008" /><testcase classname="tests.test_afp_entities" name="test_SHERPA_1776" time="0.007" /><testcase classname="tests.test_afp_entities" name="test_SHERPA_1779" time="0.007" /><testcase classname="tests.test_afp_entities" name="test_SHERPA_1781" time="0.037" /><testcase classname="tests.test_afp_entities" name="test_SHERPA_2339" time="0.004" /><testcase classname="tests.test_afp_entities" name="test_SHERPA_2449" time="0.010" /><testcase classname="tests.test_afp_entities" name="test_SHERPA_2450" time="0.008" /><testcase classname="tests.test_afp_entities" name="test_SHERPA_2677" time="0.003" /><testcase classname="tests.test_afp_entities" name="test_SHERPA_2873" time="0.001" /></testsuite></testsuites>